<?xml version="1.0" encoding="UTF-8"?>
<!-- Generated by org.testng.reporters.JUnitXMLReporter -->
<testsuite ignored="0" hostname="DESKTOP-80S1A18" failures="0" tests="3" name="Default test(failed)" time="37.113" errors="0" timestamp="2022-11-22T19:45:27 GST">
  <testcase classname="config.Login" name="validationlogin" time="19.91"/>
  <testcase classname="config.Login" name="validationlogin" time="9.091"/>
  <testcase classname="config.Login" name="validationlogin" time="8.048"/>
</testsuite> <!-- Default test(failed) -->
