<?xml version="1.0" encoding="UTF-8"?>
<testng-results ignored="0" total="1" passed="1" failed="0" skipped="0">
  <reporter-output>
  </reporter-output>
  <suite started-at="2022-11-24T21:53:14 GST" name="Default suite" finished-at="2022-11-24T21:53:39 GST" duration-ms="25250">
    <groups>
    </groups>
    <test started-at="2022-11-24T21:53:14 GST" name="Default test" finished-at="2022-11-24T21:53:39 GST" duration-ms="25250">
      <class name="flightregister.propertyfile">
        <test-method is-config="true" signature="setUp()[pri:0, instance:flightregister.propertyfile@d86a6f]" started-at="2022-11-24T21:53:14 GST" name="setUp" finished-at="2022-11-24T21:53:34 GST" duration-ms="20564" status="PASS">
          <reporter-output>
          </reporter-output>
        </test-method> <!-- setUp -->
        <test-method signature="validateregister()[pri:0, instance:flightregister.propertyfile@d86a6f]" started-at="2022-11-24T21:53:35 GST" name="validateregister" finished-at="2022-11-24T21:53:39 GST" duration-ms="4319" status="PASS">
          <reporter-output>
          </reporter-output>
        </test-method> <!-- validateregister -->
        <test-method is-config="true" signature="tearDown()[pri:0, instance:flightregister.propertyfile@d86a6f]" started-at="2022-11-24T21:53:39 GST" name="tearDown" finished-at="2022-11-24T21:53:39 GST" duration-ms="272" status="PASS">
          <reporter-output>
          </reporter-output>
        </test-method> <!-- tearDown -->
      </class> <!-- flightregister.propertyfile -->
    </test> <!-- Default test -->
  </suite> <!-- Default suite -->
</testng-results>
