<?xml version="1.0" encoding="UTF-8"?>
<!-- Generated by org.testng.reporters.JUnitXMLReporter -->
<testsuite ignored="0" hostname="DESKTOP-80S1A18" failures="0" tests="6" name="Report" time="279.521" errors="0" timestamp="2022-11-22T13:11:02 GST">
  <testcase classname="config.TestScript" name="Branches" time="0.86"/>
  <testcase classname="config.TestScript" name="Roles" time="0.59"/>
  <testcase classname="config.TestScript" name="user" time="0.546"/>
  <testcase classname="config.Testscript1" name="addition" time="0.614"/>
  <testcase classname="config.Testscript1" name="division" time="6.586"/>
  <testcase classname="config.Testscript1" name="multiplication" time="0.601"/>
</testsuite> <!-- Report -->
